 Maximum iterations [100-4000]?
 ---------- Iteration number:           100  ---------------
( 995, 995):  0.00  ( 996, 996):  0.00  ( 997, 997):  0.00  ( 998, 998):  0.00  ( 999, 999):  0.00  (1000,1000):  0.00  
 ---------- Iteration number:           200  ---------------
( 995, 995):  0.00  ( 996, 996):  0.00  ( 997, 997):  0.00  ( 998, 998):  0.00  ( 999, 999):  0.00  (1000,1000):  0.00  
 ---------- Iteration number:           300  ---------------
( 995, 995):  0.00  ( 996, 996):  0.00  ( 997, 997):  0.00  ( 998, 998):  0.00  ( 999, 999):  0.00  (1000,1000):  0.00  
 ---------- Iteration number:           400  ---------------
( 995, 995):  0.00  ( 996, 996):  0.00  ( 997, 997):  0.00  ( 998, 998):  0.00  ( 999, 999):  0.00  (1000,1000):  0.00  
 ---------- Iteration number:           500  ---------------
( 995, 995):  0.00  ( 996, 996):  0.00  ( 997, 997):  0.00  ( 998, 998):  0.00  ( 999, 999):  0.00  (1000,1000):  0.00  
 ---------- Iteration number:           600  ---------------
( 995, 995):  0.00  ( 996, 996):  0.00  ( 997, 997):  0.00  ( 998, 998):  0.00  ( 999, 999):  0.00  (1000,1000):  0.00  
 ---------- Iteration number:           700  ---------------
( 995, 995):  0.00  ( 996, 996):  0.00  ( 997, 997):  0.00  ( 998, 998):  0.00  ( 999, 999):  0.00  (1000,1000):  0.00  
 ---------- Iteration number:           800  ---------------
( 995, 995):  0.00  ( 996, 996):  0.00  ( 997, 997):  0.00  ( 998, 998):  0.00  ( 999, 999):  0.00  (1000,1000):  0.00  
 ---------- Iteration number:           900  ---------------
( 995, 995):  0.00  ( 996, 996):  0.00  ( 997, 997):  0.00  ( 998, 998):  0.00  ( 999, 999):  0.00  (1000,1000):  0.00  
 ---------- Iteration number:          1000  ---------------
( 995, 995):  0.00  ( 996, 996):  0.00  ( 997, 997):  0.00  ( 998, 998):  0.00  ( 999, 999):  0.00  (1000,1000):  0.00  
 ---------- Iteration number:          1100  ---------------
( 995, 995):  0.00  ( 996, 996):  0.00  ( 997, 997):  0.00  ( 998, 998):  0.00  ( 999, 999):  0.00  (1000,1000):  0.00  
 ---------- Iteration number:          1200  ---------------
( 995, 995):  0.00  ( 996, 996):  0.00  ( 997, 997):  0.00  ( 998, 998):  0.00  ( 999, 999):  0.00  (1000,1000):  0.00  
 ---------- Iteration number:          1300  ---------------
( 995, 995):  0.00  ( 996, 996):  0.00  ( 997, 997):  0.00  ( 998, 998):  0.00  ( 999, 999):  0.00  (1000,1000):  0.00  
 ---------- Iteration number:          1400  ---------------
( 995, 995):  0.00  ( 996, 996):  0.00  ( 997, 997):  0.00  ( 998, 998):  0.00  ( 999, 999):  0.00  (1000,1000):  0.00  
 ---------- Iteration number:          1500  ---------------
( 995, 995):  0.00  ( 996, 996):  0.00  ( 997, 997):  0.00  ( 998, 998):  0.00  ( 999, 999):  0.00  (1000,1000):  0.00  
 ---------- Iteration number:          1600  ---------------
( 995, 995):  0.00  ( 996, 996):  0.00  ( 997, 997):  0.00  ( 998, 998):  0.00  ( 999, 999):  0.00  (1000,1000):  0.00  
 ---------- Iteration number:          1700  ---------------
( 995, 995):  0.00  ( 996, 996):  0.00  ( 997, 997):  0.00  ( 998, 998):  0.00  ( 999, 999):  0.00  (1000,1000):  0.00  
 ---------- Iteration number:          1800  ---------------
( 995, 995):  0.00  ( 996, 996):  0.00  ( 997, 997):  0.00  ( 998, 998):  0.00  ( 999, 999):  0.00  (1000,1000):  0.00  
 ---------- Iteration number:          1900  ---------------
( 995, 995):  0.00  ( 996, 996):  0.00  ( 997, 997):  0.00  ( 998, 998):  0.00  ( 999, 999):  0.00  (1000,1000):  0.00  
 ---------- Iteration number:          2000  ---------------
( 995, 995):  0.00  ( 996, 996):  0.00  ( 997, 997):  0.00  ( 998, 998):  0.00  ( 999, 999):  0.00  (1000,1000):  0.00  
 ---------- Iteration number:          2100  ---------------
( 995, 995):  0.00  ( 996, 996):  0.00  ( 997, 997):  0.00  ( 998, 998):  0.00  ( 999, 999):  0.00  (1000,1000):  0.00  
 ---------- Iteration number:          2200  ---------------
( 995, 995):  0.00  ( 996, 996):  0.00  ( 997, 997):  0.00  ( 998, 998):  0.00  ( 999, 999):  0.00  (1000,1000):  0.00  
 ---------- Iteration number:          2300  ---------------
( 995, 995):  0.00  ( 996, 996):  0.00  ( 997, 997):  0.00  ( 998, 998):  0.00  ( 999, 999):  0.00  (1000,1000):  0.00  
 ---------- Iteration number:          2400  ---------------
( 995, 995):  0.00  ( 996, 996):  0.00  ( 997, 997):  0.00  ( 998, 998):  0.00  ( 999, 999):  0.00  (1000,1000):  0.00  
 ---------- Iteration number:          2500  ---------------
( 995, 995):  0.00  ( 996, 996):  0.00  ( 997, 997):  0.00  ( 998, 998):  0.00  ( 999, 999):  0.00  (1000,1000):  0.00  
 ---------- Iteration number:          2600  ---------------
( 995, 995):  0.00  ( 996, 996):  0.00  ( 997, 997):  0.00  ( 998, 998):  0.00  ( 999, 999):  0.00  (1000,1000):  0.00  
 ---------- Iteration number:          2700  ---------------
( 995, 995):  0.00  ( 996, 996):  0.00  ( 997, 997):  0.00  ( 998, 998):  0.00  ( 999, 999):  0.00  (1000,1000):  0.00  
 ---------- Iteration number:          2800  ---------------
( 995, 995):  0.00  ( 996, 996):  0.00  ( 997, 997):  0.00  ( 998, 998):  0.00  ( 999, 999):  0.00  (1000,1000):  0.00  
 ---------- Iteration number:          2900  ---------------
( 995, 995):  0.00  ( 996, 996):  0.00  ( 997, 997):  0.00  ( 998, 998):  0.00  ( 999, 999):  0.00  (1000,1000):  0.00  
 ---------- Iteration number:          3000  ---------------
( 995, 995):  0.00  ( 996, 996):  0.00  ( 997, 997):  0.00  ( 998, 998):  0.00  ( 999, 999):  0.00  (1000,1000):  0.00  
 ---------- Iteration number:          3100  ---------------
( 995, 995):  0.00  ( 996, 996):  0.00  ( 997, 997):  0.00  ( 998, 998):  0.00  ( 999, 999):  0.00  (1000,1000):  0.00  
 ---------- Iteration number:          3200  ---------------
( 995, 995):  0.00  ( 996, 996):  0.00  ( 997, 997):  0.00  ( 998, 998):  0.00  ( 999, 999):  0.00  (1000,1000):  0.00  
 ---------- Iteration number:          3300  ---------------
( 995, 995):  0.00  ( 996, 996):  0.00  ( 997, 997):  0.00  ( 998, 998):  0.00  ( 999, 999):  0.00  (1000,1000):  0.00  
 Max error at iteration          3372  was    9.9953310357534519E-003
 Total time was     1.000214      seconds.

Accelerator Kernel Timing data
/home/shiqihe/Exercises/OpenACC/laplace_acc2.f90
  serial  NVIDIA  devicenum=0
    time(us): 380,599
    45: data region reached 2 times
        45: data copyin transfers: 1
             device time(us): total=759 max=759 min=759 avg=759
        77: data copyout transfers: 1
             device time(us): total=625 max=625 min=625 avg=625
    48: compute region reached 3372 times
        50: kernel launched 3372 times
            grid: [32x250]  block: [32x4]
             device time(us): total=110,910 max=37 min=32 avg=32
            elapsed time(us): total=180,187 max=639 min=52 avg=53
    60: compute region reached 3372 times
        60: data copyin transfers: 3372
             device time(us): total=15,312 max=10 min=4 avg=4
        62: kernel launched 3372 times
            grid: [32x250]  block: [32x4]
             device time(us): total=165,774 max=51 min=48 avg=49
            elapsed time(us): total=228,136 max=318 min=66 avg=67
        62: reduction kernel launched 3372 times
            grid: [1]  block: [256]
             device time(us): total=48,242 max=15 min=14 avg=14
            elapsed time(us): total=107,506 max=568 min=30 avg=31
        62: data copyout transfers: 3372
             device time(us): total=38,977 max=27 min=10 avg=11
